<?xml version="1.0" encoding="UTF-8"?>
<!-- Generated by org.testng.reporters.JUnitXMLReporter -->
<testsuite ignored="2" hostname="DESKTOP-V3BIN3G" failures="0" tests="4" name="Test" time="5.17" errors="0" timestamp="2025-06-23T20:39:36 EDT">
  <testcase classname="test.BasicValidation" name="emailValidation" time="1.124"/>
  <testcase classname="test.BasicValidation" name="loginValidation" time="0.069"/>
  <testcase classname="test.BasicValidation" name="passValidation" time="0.033"/>
  <testcase classname="test.BasicValidation" name="welcomeMessage" time="0.061"/>
  <testcase classname="test.BaseTest" name="@AfterTest tearDown" time="0.0">
    <ignored/>
  </testcase> <!-- @AfterTest tearDown -->
  <testcase classname="test.BaseTest" name="@BeforeTest setup" time="0.0">
    <ignored/>
  </testcase> <!-- @BeforeTest setup -->
</testsuite> <!-- Test -->
