<?xml version="1.0" encoding="UTF-8"?>
<testng-results ignored="0" total="4" passed="4" failed="0" skipped="0">
  <reporter-output>
    <line>
      <![CDATA[Expected Result =Email or phone number]]>
    </line>
    <line>
      <![CDATA[Actual Result =Email or phone number]]>
    </line>
    <line>
      <![CDATA[Expected Result =Log In]]>
    </line>
    <line>
      <![CDATA[Actual Result =Log In]]>
    </line>
    <line>
      <![CDATA[Expected Result =Password]]>
    </line>
    <line>
      <![CDATA[Actual Result =Password]]>
    </line>
    <line>
      <![CDATA[Expected Result =Connect with friends and the world around you on Facebook.]]>
    </line>
    <line>
      <![CDATA[Actual Result =Connect with friends and the world around you on Facebook.]]>
    </line>
  </reporter-output>
  <suite started-at="2025-06-23T17:02:23 EDT" name="Suite" finished-at="2025-06-23T17:02:31 EDT" duration-ms="7775">
    <groups>
    </groups>
    <test started-at="2025-06-23T17:02:23 EDT" name="Test" finished-at="2025-06-23T17:02:31 EDT" duration-ms="7775">
      <class name="test.BasicValidation">
        <test-method signature="emailValidation()[pri:0, instance:test.BasicValidation@7098b907]" started-at="2025-06-23T17:02:30 EDT" name="emailValidation" finished-at="2025-06-23T17:02:31 EDT" duration-ms="222" status="PASS">
          <reporter-output>
            <line>
              <![CDATA[Expected Result =Email or phone number]]>
            </line>
            <line>
              <![CDATA[Actual Result =Email or phone number]]>
            </line>
          </reporter-output>
        </test-method> <!-- emailValidation -->
        <test-method signature="loginValidation()[pri:0, instance:test.BasicValidation@7098b907]" started-at="2025-06-23T17:02:31 EDT" name="loginValidation" finished-at="2025-06-23T17:02:31 EDT" duration-ms="74" status="PASS">
          <reporter-output>
            <line>
              <![CDATA[Expected Result =Log In]]>
            </line>
            <line>
              <![CDATA[Actual Result =Log In]]>
            </line>
          </reporter-output>
        </test-method> <!-- loginValidation -->
        <test-method signature="passValidation()[pri:0, instance:test.BasicValidation@7098b907]" started-at="2025-06-23T17:02:31 EDT" name="passValidation" finished-at="2025-06-23T17:02:31 EDT" duration-ms="59" status="PASS">
          <reporter-output>
            <line>
              <![CDATA[Expected Result =Password]]>
            </line>
            <line>
              <![CDATA[Actual Result =Password]]>
            </line>
          </reporter-output>
        </test-method> <!-- passValidation -->
        <test-method signature="welcomeMessage()[pri:0, instance:test.BasicValidation@7098b907]" started-at="2025-06-23T17:02:31 EDT" name="welcomeMessage" finished-at="2025-06-23T17:02:31 EDT" duration-ms="65" status="PASS">
          <reporter-output>
            <line>
              <![CDATA[Expected Result =Connect with friends and the world around you on Facebook.]]>
            </line>
            <line>
              <![CDATA[Actual Result =Connect with friends and the world around you on Facebook.]]>
            </line>
          </reporter-output>
        </test-method> <!-- welcomeMessage -->
      </class> <!-- test.BasicValidation -->
      <class name="test.BaseTest">
        <test-method is-config="true" signature="setup()[pri:0, instance:test.BaseTest@1224144a]" started-at="2025-06-23T17:02:24 EDT" name="setup" finished-at="2025-06-23T17:02:30 EDT" duration-ms="6747" status="PASS">
          <reporter-output>
          </reporter-output>
        </test-method> <!-- setup -->
        <test-method is-config="true" signature="tearDown()[pri:0, instance:test.BaseTest@1224144a]" started-at="2025-06-23T17:02:31 EDT" name="tearDown" finished-at="2025-06-23T17:02:31 EDT" duration-ms="323" status="PASS">
          <reporter-output>
          </reporter-output>
        </test-method> <!-- tearDown -->
      </class> <!-- test.BaseTest -->
    </test> <!-- Test -->
  </suite> <!-- Suite -->
</testng-results>
